<?xml version="1.0" encoding="UTF-8"?>
<testng-results total="1" passed="1" failed="0" skipped="0">
  <reporter-output>
  </reporter-output>
  <suite started-at="2023-12-03T19:18:27Z" name="Default suite" finished-at="2023-12-03T19:18:46Z" duration-ms="19179">
    <groups>
    </groups>
    <test started-at="2023-12-03T19:18:27Z" name="Default test" finished-at="2023-12-03T19:18:46Z" duration-ms="19179">
      <class name="variousConcepts.CrmTest">
        <test-method is-config="true" signature="readConfig()[pri:0, instance:variousConcepts.CrmTest@5026735c]" started-at="2023-12-03T13:18:27Z" name="readConfig" finished-at="2023-12-03T13:18:27Z" duration-ms="7" status="PASS">
          <reporter-output>
          </reporter-output>
        </test-method> <!-- readConfig -->
        <test-method is-config="true" signature="init()[pri:0, instance:variousConcepts.CrmTest@5026735c]" started-at="2023-12-03T13:18:27Z" name="init" finished-at="2023-12-03T13:18:30Z" duration-ms="3459" status="PASS">
          <reporter-output>
          </reporter-output>
        </test-method> <!-- init -->
        <test-method signature="validateZipCodeField()[pri:0, instance:variousConcepts.CrmTest@5026735c]" started-at="2023-12-03T13:18:30Z" name="validateZipCodeField" finished-at="2023-12-03T13:18:46Z" duration-ms="15703" status="PASS">
          <reporter-output>
          </reporter-output>
        </test-method> <!-- validateZipCodeField -->
      </class> <!-- variousConcepts.CrmTest -->
    </test> <!-- Default test -->
  </suite> <!-- Default suite -->
</testng-results>
